15:56:55.782 [main] INFO  TestCase.TC_001_FindDoctors - List of Surgeries is dispalyed
15:56:58.762 [main] INFO  TestCase.TC_001_FindDoctors - ---Corporates  is clicked---
15:57:41.715 [main] INFO  TestCase.TC_001_FindDoctors - Wellness is clicked
15:57:41.796 [main] INFO  TestCase.TC_001_FindDoctors - Scrolled
15:57:44.090 [main] INFO  TestCase.TC_001_FindDoctors - Demo is Disabled
15:57:45.577 [main] INFO  TestCase.TC_001_FindDoctors - Demo is Enabled
16:06:43.094 [main] INFO  TestCase.TC_001_FindDoctors - ****starting TestCase001******
16:06:51.787 [main] INFO  TestCase.TC_001_FindDoctors - Location clicked
16:07:32.498 [main] INFO  TestCase.TC_001_FindDoctors - Cardiologist clicked
16:07:33.208 [main] INFO  TestCase.TC_001_FindDoctors - patient stories and Experience selected
16:07:33.556 [main] INFO  TestCase.TC_001_FindDoctors - fee option is clicked
16:07:42.941 [main] INFO  TestCase.TC_001_FindDoctors - ---Sort option is selected---
16:07:54.286 [main] INFO  TestCase.TC_001_FindDoctors - Avalability option is clicked
16:08:28.021 [main] INFO  TestCase.TC_001_FindDoctors - Fetching and displaying top 5 doctors
16:08:32.681 [main] INFO  TestCase.TC_001_FindDoctors - ---Click Surgeries---
16:08:35.373 [main] INFO  TestCase.TC_001_FindDoctors - Scrolled
16:08:37.870 [main] INFO  TestCase.TC_001_FindDoctors - Total no.of Surgeries
16:08:48.931 [main] INFO  TestCase.TC_001_FindDoctors - List of Surgeries is dispalyed
16:08:52.064 [main] INFO  TestCase.TC_001_FindDoctors - ---Corporates  is clicked---
16:09:01.281 [main] INFO  TestCase.TC_001_FindDoctors - Wellness is clicked
16:09:01.381 [main] INFO  TestCase.TC_001_FindDoctors - Scrolled
16:09:05.756 [main] INFO  TestCase.TC_001_FindDoctors - Demo is Disabled
16:09:07.250 [main] INFO  TestCase.TC_001_FindDoctors - Demo is Enabled
